<?xml version="1.0" encoding="UTF-8"?>
<robot generator="Robot 7.0 (Python 3.12.2 on win32)" generated="2024-04-02T16:36:38.308588" rpa="false" schemaversion="5">
<suite id="s1" name="RegisterTestcases" source="D:\automate-future-skill\testcases\RegisterTestcases.robot">
<kw name="Open Browser" owner="SeleniumLibrary" type="SETUP">
<msg time="2024-04-02T16:36:38.573514" level="INFO">Opening browser 'chrome' to base url 'https://futureskill.co/'.</msg>
<msg time="2024-04-02T16:36:39.022307" level="WARN">The chromedriver version (122.0.6261.111) detected in PATH at C:\Users\User\AppData\Local\Programs\Python\Python312\Scripts\chromedriver.exe might not be compatible with the detected chrome version (123.0.6312.86); currently, chromedriver 123.0.6312.86 is recommended for chrome 123.*, so it is advised to delete the driver in PATH and retry</msg>
<arg>${baseUrl}</arg>
<arg>chrome</arg>
<doc>Opens a new browser instance to the optional ``url``.</doc>
<status status="PASS" start="2024-04-02T16:36:38.573514" elapsed="2.444388"/>
</kw>
<test id="s1-t1" name="As a user, I want to register success with valid credential" line="11">
<kw name="When user Register to future skill platform with ${email} and ${firstname} and ${lastname} and ${phoneNumber} and ${newPassword} and ${confirmPassword}" owner="RegisterPageKeywords" source_name="user Register to future skill platform with ${email} and ${firstname} and ${lastname} and ${phoneNumber} and ${newPassword} and ${confirmPassword}">
<kw name="Wait until element is ready then click element" owner="CommonKeywords">
<kw name="Wait Until Keyword Succeeds" owner="BuiltIn">
<kw name="Click Element" owner="SeleniumLibrary">
<msg time="2024-04-02T16:36:41.021883" level="INFO">Clicking element 'xpath=//button[text()="สมัครสมาชิก"]'.</msg>
<msg time="2024-04-02T16:36:41.526383" level="INFO" html="true">&lt;/td&gt;&lt;/tr&gt;&lt;tr&gt;&lt;td colspan="3"&gt;&lt;a href="selenium-screenshot-1.png"&gt;&lt;img src="selenium-screenshot-1.png" width="800px"&gt;&lt;/a&gt;</msg>
<msg time="2024-04-02T16:36:41.527379" level="FAIL">Element with locator 'xpath=//button[text()="สมัครสมาชิก"]' not found.</msg>
<arg>${locator}</arg>
<doc>Click the element identified by ``locator``.</doc>
<status status="FAIL" start="2024-04-02T16:36:41.020884" elapsed="0.509485">Element with locator 'xpath=//button[text()="สมัครสมาชิก"]' not found.</status>
</kw>
<kw name="Click Element" owner="SeleniumLibrary">
<msg time="2024-04-02T16:36:43.531714" level="INFO">Clicking element 'xpath=//button[text()="สมัครสมาชิก"]'.</msg>
<arg>${locator}</arg>
<doc>Click the element identified by ``locator``.</doc>
<status status="PASS" start="2024-04-02T16:36:43.530689" elapsed="0.830433"/>
</kw>
<arg>5x</arg>
<arg>2s</arg>
<arg>Click Element</arg>
<arg>${locator}</arg>
<doc>Runs the specified keyword and retries if it fails.</doc>
<status status="PASS" start="2024-04-02T16:36:41.020884" elapsed="3.340238"/>
</kw>
<arg>xpath=//button[text()="สมัครสมาชิก"]</arg>
<status status="PASS" start="2024-04-02T16:36:41.019886" elapsed="3.341236"/>
</kw>
<kw name="Wait until element is ready then input text" owner="CommonKeywords">
<kw name="Wait Until Keyword Succeeds" owner="BuiltIn">
<kw name="Input Text" owner="SeleniumLibrary">
<msg time="2024-04-02T16:36:44.363115" level="INFO">Typing text 'omagatrib@gmail.com' into text field 'name=email'.</msg>
<arg>${locator}</arg>
<arg>${text}</arg>
<doc>Types the given ``text`` into the text field identified by ``locator``.</doc>
<status status="PASS" start="2024-04-02T16:36:44.362121" elapsed="0.449551"/>
</kw>
<arg>5x</arg>
<arg>2s</arg>
<arg>Input Text</arg>
<arg>${locator}</arg>
<arg>${text}</arg>
<doc>Runs the specified keyword and retries if it fails.</doc>
<status status="PASS" start="2024-04-02T16:36:44.362121" elapsed="0.449551"/>
</kw>
<arg>name=email</arg>
<arg>${email}</arg>
<status status="PASS" start="2024-04-02T16:36:44.362121" elapsed="0.450547"/>
</kw>
<kw name="Wait until element is ready then input text" owner="CommonKeywords">
<kw name="Wait Until Keyword Succeeds" owner="BuiltIn">
<kw name="Input Text" owner="SeleniumLibrary">
<msg time="2024-04-02T16:36:44.813663" level="INFO">Typing text 'vuttipat' into text field 'name=firstName'.</msg>
<arg>${locator}</arg>
<arg>${text}</arg>
<doc>Types the given ``text`` into the text field identified by ``locator``.</doc>
<status status="PASS" start="2024-04-02T16:36:44.813663" elapsed="0.127916"/>
</kw>
<arg>5x</arg>
<arg>2s</arg>
<arg>Input Text</arg>
<arg>${locator}</arg>
<arg>${text}</arg>
<doc>Runs the specified keyword and retries if it fails.</doc>
<status status="PASS" start="2024-04-02T16:36:44.812668" elapsed="0.128911"/>
</kw>
<arg>name=firstName</arg>
<arg>${firstname}</arg>
<status status="PASS" start="2024-04-02T16:36:44.812668" elapsed="0.128911"/>
</kw>
<kw name="Wait until element is ready then input text" owner="CommonKeywords">
<kw name="Wait Until Keyword Succeeds" owner="BuiltIn">
<kw name="Input Text" owner="SeleniumLibrary">
<msg time="2024-04-02T16:36:44.942580" level="INFO">Typing text 'rungrojbribun' into text field 'name=lastName'.</msg>
<arg>${locator}</arg>
<arg>${text}</arg>
<doc>Types the given ``text`` into the text field identified by ``locator``.</doc>
<status status="PASS" start="2024-04-02T16:36:44.942580" elapsed="0.094783"/>
</kw>
<arg>5x</arg>
<arg>2s</arg>
<arg>Input Text</arg>
<arg>${locator}</arg>
<arg>${text}</arg>
<doc>Runs the specified keyword and retries if it fails.</doc>
<status status="PASS" start="2024-04-02T16:36:44.942580" elapsed="0.094783"/>
</kw>
<arg>name=lastName</arg>
<arg>${lastname}</arg>
<status status="PASS" start="2024-04-02T16:36:44.941579" elapsed="0.095784"/>
</kw>
<kw name="Wait until element is ready then input text" owner="CommonKeywords">
<kw name="Wait Until Keyword Succeeds" owner="BuiltIn">
<kw name="Input Text" owner="SeleniumLibrary">
<msg time="2024-04-02T16:36:45.038359" level="INFO">Typing text '0651158588' into text field 'name=phoneNumber'.</msg>
<arg>${locator}</arg>
<arg>${text}</arg>
<doc>Types the given ``text`` into the text field identified by ``locator``.</doc>
<status status="PASS" start="2024-04-02T16:36:45.038359" elapsed="0.102267"/>
</kw>
<arg>5x</arg>
<arg>2s</arg>
<arg>Input Text</arg>
<arg>${locator}</arg>
<arg>${text}</arg>
<doc>Runs the specified keyword and retries if it fails.</doc>
<status status="PASS" start="2024-04-02T16:36:45.037363" elapsed="0.103263"/>
</kw>
<arg>name=phoneNumber</arg>
<arg>${phoneNumber}</arg>
<status status="PASS" start="2024-04-02T16:36:45.037363" elapsed="0.103263"/>
</kw>
<kw name="Wait until element is ready then input text" owner="CommonKeywords">
<kw name="Wait Until Keyword Succeeds" owner="BuiltIn">
<kw name="Input Text" owner="SeleniumLibrary">
<msg time="2024-04-02T16:36:45.141623" level="INFO">Typing text 'Futureskill123' into text field 'name=newPassword'.</msg>
<arg>${locator}</arg>
<arg>${text}</arg>
<doc>Types the given ``text`` into the text field identified by ``locator``.</doc>
<status status="PASS" start="2024-04-02T16:36:45.141623" elapsed="0.146885"/>
</kw>
<arg>5x</arg>
<arg>2s</arg>
<arg>Input Text</arg>
<arg>${locator}</arg>
<arg>${text}</arg>
<doc>Runs the specified keyword and retries if it fails.</doc>
<status status="PASS" start="2024-04-02T16:36:45.140626" elapsed="0.147882"/>
</kw>
<arg>name=newPassword</arg>
<arg>${newPassword}</arg>
<status status="PASS" start="2024-04-02T16:36:45.140626" elapsed="0.148881"/>
</kw>
<kw name="Wait until element is ready then input text" owner="CommonKeywords">
<kw name="Wait Until Keyword Succeeds" owner="BuiltIn">
<kw name="Input Text" owner="SeleniumLibrary">
<msg time="2024-04-02T16:36:45.290509" level="INFO">Typing text 'Futureskill123' into text field 'name=confirmPassword'.</msg>
<arg>${locator}</arg>
<arg>${text}</arg>
<doc>Types the given ``text`` into the text field identified by ``locator``.</doc>
<status status="PASS" start="2024-04-02T16:36:45.290509" elapsed="0.102079"/>
</kw>
<arg>5x</arg>
<arg>2s</arg>
<arg>Input Text</arg>
<arg>${locator}</arg>
<arg>${text}</arg>
<doc>Runs the specified keyword and retries if it fails.</doc>
<status status="PASS" start="2024-04-02T16:36:45.289507" elapsed="0.103081"/>
</kw>
<arg>name=confirmPassword</arg>
<arg>${confirmPassword}</arg>
<status status="PASS" start="2024-04-02T16:36:45.289507" elapsed="0.103081"/>
</kw>
<kw name="Wait until element is ready then click element" owner="CommonKeywords">
<kw name="Wait Until Keyword Succeeds" owner="BuiltIn">
<kw name="Click Element" owner="SeleniumLibrary">
<msg time="2024-04-02T16:36:45.393584" level="INFO">Clicking element 'name=consent'.</msg>
<arg>${locator}</arg>
<doc>Click the element identified by ``locator``.</doc>
<status status="PASS" start="2024-04-02T16:36:45.392588" elapsed="0.079632"/>
</kw>
<arg>5x</arg>
<arg>2s</arg>
<arg>Click Element</arg>
<arg>${locator}</arg>
<doc>Runs the specified keyword and retries if it fails.</doc>
<status status="PASS" start="2024-04-02T16:36:45.392588" elapsed="0.079632"/>
</kw>
<arg>name=consent</arg>
<status status="PASS" start="2024-04-02T16:36:45.392588" elapsed="0.079632"/>
</kw>
<kw name="Wait until element is ready then click element" owner="CommonKeywords">
<kw name="Wait Until Keyword Succeeds" owner="BuiltIn">
<kw name="Click Element" owner="SeleniumLibrary">
<msg time="2024-04-02T16:36:45.473217" level="INFO">Clicking element 'xpath=//button[@type="submit" and text()="สมัครสมาชิก"]'.</msg>
<arg>${locator}</arg>
<doc>Click the element identified by ``locator``.</doc>
<status status="PASS" start="2024-04-02T16:36:45.473217" elapsed="0.101400"/>
</kw>
<arg>5x</arg>
<arg>2s</arg>
<arg>Click Element</arg>
<arg>${locator}</arg>
<doc>Runs the specified keyword and retries if it fails.</doc>
<status status="PASS" start="2024-04-02T16:36:45.472220" elapsed="0.102397"/>
</kw>
<arg>xpath=//button[@type="submit" and text()="สมัครสมาชิก"]</arg>
<status status="PASS" start="2024-04-02T16:36:45.472220" elapsed="0.102397"/>
</kw>
<status status="PASS" start="2024-04-02T16:36:41.018889" elapsed="4.556731"/>
</kw>
<kw name="Then future skill should display message as &quot;ระบบได้ส่งรหัส OTP ไปยังเบอร์โทรศัพท์&quot;" owner="RegisterPageKeywords" source_name="future skill should display message as &quot;${expected_message}&quot;">
<kw name="Wait until page contains element then verify text" owner="CommonKeywords">
<kw name="Wait Until Keyword Succeeds" owner="BuiltIn">
<kw name="Page Should Contain" owner="SeleniumLibrary">
<msg time="2024-04-02T16:36:45.813650" level="INFO" html="true">&lt;/td&gt;&lt;/tr&gt;&lt;tr&gt;&lt;td colspan="3"&gt;&lt;a href="selenium-screenshot-2.png"&gt;&lt;img src="selenium-screenshot-2.png" width="800px"&gt;&lt;/a&gt;</msg>
<msg time="2024-04-02T16:36:45.813650" level="FAIL">StaleElementReferenceException: Message: stale element reference: stale element not found
  (Session info: chrome=123.0.6312.86); For documentation on this error, please visit: https://www.selenium.dev/documentation/webdriver/troubleshooting/errors#stale-element-reference-exception
Stacktrace:
	GetHandleVerifier [0x00007FF689D7AD32+56930]
	(No symbol) [0x00007FF689CEF632]
	(No symbol) [0x00007FF689BA42E5]
	(No symbol) [0x00007FF689BA9261]
	(No symbol) [0x00007FF689BAC4A9]
	(No symbol) [0x00007FF689C29D1A]
	(No symbol) [0x00007FF689C0BC9A]
	(No symbol) [0x00007FF689C281E2]
	(No symbol) [0x00007FF689C0BA43]
	(No symbol) [0x00007FF689BDD438]
	(No symbol) [0x00007FF689BDE4D1]
	GetHandleVerifier [0x00007FF68A0F6ABD+3709933]
	GetHandleVerifier [0x00007FF68A14FFFD+4075821]
	GetHandleVerifier [0x00007FF68A14818F+4043455]
	GetHandleVerifier [0x00007FF689E19766+706710]
	(No symbol) [0x00007FF689CFB90F]
	(No symbol) [0x00007FF689CF6AF4]
	(No symbol) [0x00007FF689CF6C4C]
	(No symbol) [0x00007FF689CE6904]
	BaseThreadInitThunk [0x00007FFEFC13257D+29]
	RtlUserThreadStart [0x00007FFEFD82AA48+40]
</msg>
<arg>${expected_text}</arg>
<doc>Verifies that current page contains ``text``.</doc>
<status status="FAIL" start="2024-04-02T16:36:45.576614" elapsed="0.240027">StaleElementReferenceException: Message: stale element reference: stale element not found
  (Session info: chrome=123.0.6312.86); For documentation on this error, please visit: https://www.selenium.dev/documentation/webdriver/troubleshooting/errors#stale-element-reference-exception
Stacktrace:
	GetHandleVerifier [0x00007FF689D7AD32+56930]
	(No symbol) [0x00007FF689CEF632]
	(No symbol) [0x00007FF689BA42E5]
	(No symbol) [0x00007FF689BA9261]
	(No symbol) [0x00007FF689BAC4A9]
	(No symbol) [0x00007FF689C29D1A]
	(No symbol) [0x00007FF689C0BC9A]
	(No symbol) [0x00007FF689C281E2]
	(No symbol) [0x00007FF689C0BA43]
	(No symbol) [0x00007FF689BDD438]
	(No symbol) [0x00007FF689BDE4D1]
	GetHandleVerifier [0x00007FF68A0F6ABD+3709933]
	GetHandleVerifier [0x00007FF68A14FFFD+4075821]
	GetHandleVerifier [0x00007FF68A14818F+4043455]
	GetHandleVerifier [0x00007FF689E19766+706710]
	(No symbol) [0x00007FF689CFB90F]
	(No symbol) [0x00007FF689CF6AF4]
	(No symbol) [0x00007FF689CF6C4C]
	(No symbol) [0x00007FF689CE6904]
	BaseThreadInitThunk [0x00007FFEFC13257D+29]
	RtlUserThreadStart [0x00007FFEFD82AA48+40]
</status>
</kw>
<kw name="Page Should Contain" owner="SeleniumLibrary">
<msg time="2024-04-02T16:36:47.867829" level="INFO">Current page contains text 'ระบบได้ส่งรหัส OTP ไปยังเบอร์โทรศัพท์'.</msg>
<arg>${expected_text}</arg>
<doc>Verifies that current page contains ``text``.</doc>
<status status="PASS" start="2024-04-02T16:36:47.816936" elapsed="0.050893"/>
</kw>
<arg>5x</arg>
<arg>2s</arg>
<arg>Page Should Contain</arg>
<arg>${expected_text}</arg>
<doc>Runs the specified keyword and retries if it fails.</doc>
<status status="PASS" start="2024-04-02T16:36:45.576614" elapsed="2.292208"/>
</kw>
<arg>${expected_message}</arg>
<status status="PASS" start="2024-04-02T16:36:45.576614" elapsed="2.292208"/>
</kw>
<status status="PASS" start="2024-04-02T16:36:45.575620" elapsed="2.293202"/>
</kw>
<status status="PASS" start="2024-04-02T16:36:41.017902" elapsed="6.850920"/>
</test>
<kw name="Close Browser" owner="SeleniumLibrary" type="TEARDOWN">
<doc>Closes the current browser.</doc>
<status status="PASS" start="2024-04-02T16:36:47.870817" elapsed="2.223578"/>
</kw>
<status status="PASS" start="2024-04-02T16:36:38.310575" elapsed="11.783820"/>
</suite>
<statistics>
<total>
<stat pass="1" fail="0" skip="0">All Tests</stat>
</total>
<tag>
</tag>
<suite>
<stat pass="1" fail="0" skip="0" id="s1" name="RegisterTestcases">RegisterTestcases</stat>
</suite>
</statistics>
<errors>
<msg time="2024-04-02T16:36:39.022307" level="WARN">The chromedriver version (122.0.6261.111) detected in PATH at C:\Users\User\AppData\Local\Programs\Python\Python312\Scripts\chromedriver.exe might not be compatible with the detected chrome version (123.0.6312.86); currently, chromedriver 123.0.6312.86 is recommended for chrome 123.*, so it is advised to delete the driver in PATH and retry</msg>
</errors>
</robot>
